Array
(
    [recipientId] => 17
    [message] => sending test
)
Array
(
    [recipientId] => 11
    [message] => s
)
Array
(
    [recipientId] => 17
    [message] => g
)
Array
(
    [recipientId] => 17
    [message] => sfdgfg
)
Array
(
    [recipientId] => 17
    [message] => sending test
)
Array
(
    [recipientId] => 4
    [message] => reply to send test
)
Array
(
    [recipientId] => 7
    [message] => asasasd
)
Array
(
    [recipientId] => 17
    [message] => polling test
)
Array
(
    [recipientId] => 4
    [message] => p2
)
Array
(
    [recipientId] => 4
    [message] => asd
)
Array
(
    [recipientId] => 11
    [message] => jhbjh
)
Array
(
    [recipientId] => 13
    [message] => gsahj
)
Array
(
    [recipientId] => 15
    [message] => sdfa
)
Array
(
    [recipientId] => 17
    [message] => asdfas
sd
sd
s
s
s
)
Array
(
    [recipientId] => 11
    [message] => v
)
Array
(
    [recipientId] => 4
    [message] => jhbjhb
)
Array
(
    [recipientId] => 15
    [message] => hhhhhh
)
Array
(
    [recipientId] => 17
    [message] => asd
)
